1663304749191	geckodriver	INFO	Listening on 127.0.0.1:59821
1663304750530	mozrunner::runner	INFO	Running command: "/usr/bin/firefox" "--marionette" "--headless" "--no-sandbox" "--disable-dev-shm-usage" "--ignore-certificate-errors" "--disable-gpu" "--log-level=3" "--disable-notifications" "--disable-popup-blocking" "--remote-debugging-port" "54537" "--remote-allow-hosts" "localhost" "-no-remote" "-profile" "/tmp/rust_mozprofilePW1wNz"
*** You are running in headless mode.
[GFX1-]: glxtest: libpci missing
[GFX1-]: glxtest: Unable to open a connection to the X server
[GFX1-]: glxtest: libEGL missing
[GFX1-]: No GPUs detected via PCI
1663304752351	Marionette	INFO	Marionette enabled
[GFX1-]: RenderCompositorSWGL failed mapping default framebuffer, no dt
console.warn: SearchSettings: "get: No settings file exists, new profile?" (new NotFoundError("Could not open the file at /tmp/rust_mozprofilePW1wNz/search.json.mozlz4", (void 0)))
DevTools listening on ws://localhost:54537/devtools/browser/e07c06aa-167d-43af-8b58-ffabab6345ba
1663304758366	Marionette	INFO	Listening on port 38669
1663304758550	RemoteAgent	WARN	TLS certificate errors will be ignored for this session
JavaScript warning: https://static.xx.fbcdn.net/rsrc.php/v3/yg/r/i05ZyXS1t8N.js?_nc_x=Ij3Wp8lg5Kz, line 43: WebGL warning: <Create>: WebglAllowWindowsNativeGl:false restricts context creation on this system.
JavaScript warning: https://static.xx.fbcdn.net/rsrc.php/v3/yg/r/i05ZyXS1t8N.js?_nc_x=Ij3Wp8lg5Kz, line 43: Failed to create WebGL context: WebGL creation failed: 
* WebglAllowWindowsNativeGl:false restricts context creation on this system. ()
* Exhausted GL driver options. (FEATURE_FAILURE_WEBGL_EXHAUSTED_DRIVERS)
JavaScript warning: https://static.xx.fbcdn.net/rsrc.php/v3/yg/r/i05ZyXS1t8N.js?_nc_x=Ij3Wp8lg5Kz, line 43: WebGL warning: <Create>: WebglAllowWindowsNativeGl:false restricts context creation on this system.
JavaScript warning: https://static.xx.fbcdn.net/rsrc.php/v3/yg/r/i05ZyXS1t8N.js?_nc_x=Ij3Wp8lg5Kz, line 43: Failed to create WebGL context: WebGL creation failed: 
* WebglAllowWindowsNativeGl:false restricts context creation on this system. ()
* Exhausted GL driver options. (FEATURE_FAILURE_WEBGL_EXHAUSTED_DRIVERS)
JavaScript warning: https://static.xx.fbcdn.net/rsrc.php/v3iqES4/yd/l/en_US/jH2CtJGBFuS.js?_nc_x=Ij3Wp8lg5Kz, line 21: WebGL warning: <Create>: WebglAllowWindowsNativeGl:false restricts context creation on this system.
JavaScript warning: https://static.xx.fbcdn.net/rsrc.php/v3iqES4/yd/l/en_US/jH2CtJGBFuS.js?_nc_x=Ij3Wp8lg5Kz, line 21: Failed to create WebGL context: WebGL creation failed: 
* WebglAllowWindowsNativeGl:false restricts context creation on this system. ()
* Exhausted GL driver options. (FEATURE_FAILURE_WEBGL_EXHAUSTED_DRIVERS)
JavaScript warning: https://static.xx.fbcdn.net/rsrc.php/v3iqES4/yd/l/en_US/jH2CtJGBFuS.js?_nc_x=Ij3Wp8lg5Kz, line 21: WebGL warning: <Create>: WebglAllowWindowsNativeGl:false restricts context creation on this system.
JavaScript warning: https://static.xx.fbcdn.net/rsrc.php/v3iqES4/yd/l/en_US/jH2CtJGBFuS.js?_nc_x=Ij3Wp8lg5Kz, line 21: Failed to create WebGL context: WebGL creation failed: 
* WebglAllowWindowsNativeGl:false restricts context creation on this system. ()
* Exhausted GL driver options. (FEATURE_FAILURE_WEBGL_EXHAUSTED_DRIVERS)
1663304802708	Marionette	INFO	Stopped listening on port 38669
JavaScript error: resource:///modules/Interactions.jsm, line 209: NS_ERROR_FAILURE: Component returned failure code: 0x80004005 (NS_ERROR_FAILURE) [nsIUserIdleService.removeIdleObserver]
!!! error running onStopped callback: TypeError: callback is not a function
1663304803898	RemoteAgent	ERROR	unable to stop listener: [Exception... "Component returned failure code: 0x8000ffff (NS_ERROR_UNEXPECTED) [nsIWindowMediator.getEnumerator]"  nsresult: "0x8000ffff (NS_ERROR_UNEXPECTED)"  location: "JS frame :: chrome://remote/content/cdp/observers/TargetObserver.jsm :: stop :: line 64"  data: no] Stack trace: stop()@TargetObserver.jsm:64
unwatchForTabs()@TargetList.jsm:70
unwatchForTargets()@TargetList.jsm:37
destructor()@TargetList.jsm:109
stop()@CDP.jsm:104
close()@RemoteAgent.jsm:138
1663305450133	geckodriver	INFO	Listening on 127.0.0.1:46213
1663305450708	mozrunner::runner	INFO	Running command: "/usr/bin/firefox" "--marionette" "--headless" "--no-sandbox" "--disable-dev-shm-usage" "--ignore-certificate-errors" "--disable-gpu" "--log-level=3" "--disable-notifications" "--disable-popup-blocking" "--remote-debugging-port" "42377" "--remote-allow-hosts" "localhost" "-no-remote" "-profile" "/tmp/rust_mozprofilerQlAPk"
*** You are running in headless mode.
[GFX1-]: glxtest: libpci missing
[GFX1-]: glxtest: Unable to open a connection to the X server
[GFX1-]: glxtest: libEGL missing
[GFX1-]: No GPUs detected via PCI
1663305451385	Marionette	INFO	Marionette enabled
[GFX1-]: RenderCompositorSWGL failed mapping default framebuffer, no dt
console.warn: SearchSettings: "get: No settings file exists, new profile?" (new NotFoundError("Could not open the file at /tmp/rust_mozprofilerQlAPk/search.json.mozlz4", (void 0)))
DevTools listening on ws://localhost:42377/devtools/browser/31a199de-5784-47de-80c1-d2fccbda9157
1663305456148	Marionette	INFO	Listening on port 37115
1663305456309	RemoteAgent	WARN	TLS certificate errors will be ignored for this session
JavaScript warning: https://static.xx.fbcdn.net/rsrc.php/v3iUwX4/yt/l/en_US/dxUbhmUT25D.js?_nc_x=Ij3Wp8lg5Kz, line 111: WebGL warning: <Create>: WebglAllowWindowsNativeGl:false restricts context creation on this system.
JavaScript warning: https://static.xx.fbcdn.net/rsrc.php/v3iUwX4/yt/l/en_US/dxUbhmUT25D.js?_nc_x=Ij3Wp8lg5Kz, line 111: Failed to create WebGL context: WebGL creation failed: 
* WebglAllowWindowsNativeGl:false restricts context creation on this system. ()
* Exhausted GL driver options. (FEATURE_FAILURE_WEBGL_EXHAUSTED_DRIVERS)
JavaScript warning: https://static.xx.fbcdn.net/rsrc.php/v3iUwX4/yt/l/en_US/dxUbhmUT25D.js?_nc_x=Ij3Wp8lg5Kz, line 111: WebGL warning: <Create>: WebglAllowWindowsNativeGl:false restricts context creation on this system.
JavaScript warning: https://static.xx.fbcdn.net/rsrc.php/v3iUwX4/yt/l/en_US/dxUbhmUT25D.js?_nc_x=Ij3Wp8lg5Kz, line 111: Failed to create WebGL context: WebGL creation failed: 
* WebglAllowWindowsNativeGl:false restricts context creation on this system. ()
* Exhausted GL driver options. (FEATURE_FAILURE_WEBGL_EXHAUSTED_DRIVERS)
JavaScript warning: https://static.xx.fbcdn.net/rsrc.php/v3iqcA4/yO/l/en_US/3gwTijDu-oa.js?_nc_x=Ij3Wp8lg5Kz, line 41: WebGL warning: <Create>: WebglAllowWindowsNativeGl:false restricts context creation on this system.
JavaScript warning: https://static.xx.fbcdn.net/rsrc.php/v3iqcA4/yO/l/en_US/3gwTijDu-oa.js?_nc_x=Ij3Wp8lg5Kz, line 41: Failed to create WebGL context: WebGL creation failed: 
* WebglAllowWindowsNativeGl:false restricts context creation on this system. ()
* Exhausted GL driver options. (FEATURE_FAILURE_WEBGL_EXHAUSTED_DRIVERS)
JavaScript warning: https://static.xx.fbcdn.net/rsrc.php/v3iqcA4/yO/l/en_US/3gwTijDu-oa.js?_nc_x=Ij3Wp8lg5Kz, line 41: WebGL warning: <Create>: WebglAllowWindowsNativeGl:false restricts context creation on this system.
JavaScript warning: https://static.xx.fbcdn.net/rsrc.php/v3iqcA4/yO/l/en_US/3gwTijDu-oa.js?_nc_x=Ij3Wp8lg5Kz, line 41: Failed to create WebGL context: WebGL creation failed: 
* WebglAllowWindowsNativeGl:false restricts context creation on this system. ()
* Exhausted GL driver options. (FEATURE_FAILURE_WEBGL_EXHAUSTED_DRIVERS)
1663305499821	Marionette	INFO	Stopped listening on port 37115
JavaScript error: resource:///modules/Interactions.jsm, line 209: NS_ERROR_FAILURE: Component returned failure code: 0x80004005 (NS_ERROR_FAILURE) [nsIUserIdleService.removeIdleObserver]
!!! error running onStopped callback: TypeError: callback is not a function
1663305501095	RemoteAgent	ERROR	unable to stop listener: [Exception... "Component returned failure code: 0x8000ffff (NS_ERROR_UNEXPECTED) [nsIWindowMediator.getEnumerator]"  nsresult: "0x8000ffff (NS_ERROR_UNEXPECTED)"  location: "JS frame :: chrome://remote/content/cdp/observers/TargetObserver.jsm :: stop :: line 64"  data: no] Stack trace: stop()@TargetObserver.jsm:64
unwatchForTabs()@TargetList.jsm:70
unwatchForTargets()@TargetList.jsm:37
destructor()@TargetList.jsm:109
stop()@CDP.jsm:104
close()@RemoteAgent.jsm:138
